  CppVS.cpp
D:\programs\C++\newPj\CppVS\CppVS\CppVS.cpp(14,12): error C2131: expression did not evaluate to a constant
D:\programs\C++\newPj\CppVS\CppVS\CppVS.cpp(14,12): message : failure was caused by a read of a variable outside its lifetime
D:\programs\C++\newPj\CppVS\CppVS\CppVS.cpp(14,12): message : see usage of 'length'
D:\programs\C++\newPj\CppVS\CppVS\CppVS.cpp(17,12): error C3863: array type 'int [length]' is not assignable
D:\programs\C++\newPj\CppVS\CppVS\CppVS.cpp(22,13): error C3863: array type 'int [length]' is not assignable
D:\programs\C++\newPj\CppVS\CppVS\CppVS.cpp(26,28): error C2143: syntax error: missing ',' before '<='
D:\programs\C++\newPj\CppVS\CppVS\CppVS.cpp(26,26): error C2086: 'int i': redefinition
D:\programs\C++\newPj\CppVS\CppVS\CppVS.cpp(26,11): message : see declaration of 'i'
D:\programs\C++\newPj\CppVS\CppVS\CppVS.cpp(26,37): error C2059: syntax error: ')'
D:\programs\C++\newPj\CppVS\CppVS\CppVS.cpp(27,3): error C2059: syntax error: 'if'
D:\programs\C++\newPj\CppVS\CppVS\CppVS.cpp(27,21): error C2143: syntax error: missing ';' before '{'
D:\programs\C++\newPj\CppVS\CppVS\CppVS.cpp(31,1): error C2059: syntax error: '}'
D:\programs\C++\newPj\CppVS\CppVS\CppVS.cpp(31,1): error C2143: syntax error: missing ';' before '}'
D:\programs\C++\newPj\CppVS\CppVS\CppVS.cpp(32,12): error C2143: syntax error: missing ';' before '{'
D:\programs\C++\newPj\CppVS\CppVS\CppVS.cpp(32,12): error C2447: '{': missing function header (old-style formal list?)
